# JRE version: OpenJDK Runtime Environment Temurin-17.0.2+8 (17.0.2+8) (build 17.0.2+8)
# Java VM: OpenJDK 64-Bit Server VM Temurin-17.0.2+8 (17.0.2+8, mixed mode, tiered, compressed oops, compressed class ptrs, g1 gc, windows-amd64)
GC Precious Log:
 CPUs: 4 total, 4 available
 Memory: 8072M
 Large Page Support: Disabled
 NUMA Support: Disabled
 Compressed Oops: Enabled (32-bit)
 Heap Region Size: 1M
 Heap Min Capacity: 8M
 Heap Initial Capacity: 128M
 Heap Max Capacity: 2020M
 Pre-touch: Disabled
 Parallel Workers: 4
 Concurrent Workers: 1
 Concurrent Refinement Workers: 4
 Periodic GC: Disabled
Heap:
 garbage-first heap   total 221184K, used 147390K [0x0000000081c00000, 0x0000000100000000)
  region size 1024K, 36 young (36864K), 8 survivors (8192K)
 Metaspace       used 130984K, committed 131648K, reserved 1171456K
  class space    used 15712K, committed 16064K, reserved 1048576K
GC Heap History (20 events):
Event: 30.018 GC heap before
{Heap before GC invocations=39 (full 0):
 garbage-first heap   total 221184K, used 178181K [0x0000000081c00000, 0x0000000100000000)
  region size 1024K, 105 young (107520K), 11 survivors (11264K)
 Metaspace       used 104487K, committed 105024K, reserved 1146880K
  class space    used 12723K, committed 12992K, reserved 1048576K
}
Event: 30.037 GC heap after
{Heap after GC invocations=40 (full 0):
 garbage-first heap   total 221184K, used 87600K [0x0000000081c00000, 0x0000000100000000)
  region size 1024K, 11 young (11264K), 11 survivors (11264K)
 Metaspace       used 104487K, committed 105024K, reserved 1146880K
  class space    used 12723K, committed 12992K, reserved 1048576K
}
Event: 31.395 GC heap before
{Heap before GC invocations=40 (full 0):
 garbage-first heap   total 221184K, used 178736K [0x0000000081c00000, 0x0000000100000000)
  region size 1024K, 100 young (102400K), 11 survivors (11264K)
 Metaspace       used 108386K, committed 108928K, reserved 1146880K
  class space    used 13105K, committed 13376K, reserved 1048576K
}
Event: 31.415 GC heap after
{Heap after GC invocations=41 (full 0):
 garbage-first heap   total 221184K, used 93793K [0x0000000081c00000, 0x0000000100000000)
  region size 1024K, 12 young (12288K), 12 survivors (12288K)
 Metaspace       used 108386K, committed 108928K, reserved 1146880K
  class space    used 13105K, committed 13376K, reserved 1048576K
}
Event: 31.662 GC heap before
{Heap before GC invocations=41 (full 0):
 garbage-first heap   total 221184K, used 119393K [0x0000000081c00000, 0x0000000100000000)
  region size 1024K, 38 young (38912K), 12 survivors (12288K)
 Metaspace       used 109229K, committed 109760K, reserved 1146880K
  class space    used 13167K, committed 13440K, reserved 1048576K
}
Event: 31.678 GC heap after
{Heap after GC invocations=42 (full 0):
 garbage-first heap   total 221184K, used 96073K [0x0000000081c00000, 0x0000000100000000)
  region size 1024K, 8 young (8192K), 8 survivors (8192K)
 Metaspace       used 109229K, committed 109760K, reserved 1146880K
  class space    used 13167K, committed 13440K, reserved 1048576K
}
Event: 32.928 GC heap before
{Heap before GC invocations=43 (full 0):
 garbage-first heap   total 221184K, used 182089K [0x0000000081c00000, 0x0000000100000000)
  region size 1024K, 92 young (94208K), 8 survivors (8192K)
 Metaspace       used 111565K, committed 112192K, reserved 1155072K
  class space    used 13391K, committed 13696K, reserved 1048576K
}
Event: 32.944 GC heap after
{Heap after GC invocations=44 (full 0):
 garbage-first heap   total 221184K, used 101761K [0x0000000081c00000, 0x0000000100000000)
  region size 1024K, 8 young (8192K), 8 survivors (8192K)
 Metaspace       used 111565K, committed 112192K, reserved 1155072K
  class space    used 13391K, committed 13696K, reserved 1048576K
}
Event: 32.972 GC heap before
{Heap before GC invocations=44 (full 0):
 garbage-first heap   total 221184K, used 103809K [0x0000000081c00000, 0x0000000100000000)
  region size 1024K, 10 young (10240K), 8 survivors (8192K)
 Metaspace       used 111602K, committed 112256K, reserved 1155072K
  class space    used 13395K, committed 13696K, reserved 1048576K
}
Event: 32.983 GC heap after
{Heap after GC invocations=45 (full 0):
 garbage-first heap   total 221184K, used 100625K [0x0000000081c00000, 0x0000000100000000)
  region size 1024K, 2 young (2048K), 2 survivors (2048K)
 Metaspace       used 111602K, committed 112256K, reserved 1155072K
  class space    used 13395K, committed 13696K, reserved 1048576K
}
Event: 34.229 GC heap before
{Heap before GC invocations=45 (full 0):
 garbage-first heap   total 221184K, used 182545K [0x0000000081c00000, 0x0000000100000000)
  region size 1024K, 82 young (83968K), 2 survivors (2048K)
 Metaspace       used 114275K, committed 114880K, reserved 1155072K
  class space    used 13656K, committed 13952K, reserved 1048576K
}
Event: 34.242 GC heap after
{Heap after GC invocations=46 (full 0):
 garbage-first heap   total 221184K, used 105367K [0x0000000081c00000, 0x0000000100000000)
  region size 1024K, 6 young (6144K), 6 survivors (6144K)
 Metaspace       used 114275K, committed 114880K, reserved 1155072K
  class space    used 13656K, committed 13952K, reserved 1048576K
}
Event: 35.609 GC heap before
{Heap before GC invocations=46 (full 0):
 garbage-first heap   total 221184K, used 183191K [0x0000000081c00000, 0x0000000100000000)
  region size 1024K, 82 young (83968K), 6 survivors (6144K)
 Metaspace       used 117527K, committed 118208K, reserved 1155072K
  class space    used 14168K, committed 14528K, reserved 1048576K
}
Event: 35.626 GC heap after
{Heap after GC invocations=47 (full 0):
 garbage-first heap   total 221184K, used 110318K [0x0000000081c00000, 0x0000000100000000)
  region size 1024K, 5 young (5120K), 5 survivors (5120K)
 Metaspace       used 117527K, committed 118208K, reserved 1155072K
  class space    used 14168K, committed 14528K, reserved 1048576K
}
Event: 36.866 GC heap before
{Heap before GC invocations=47 (full 0):
 garbage-first heap   total 221184K, used 184046K [0x0000000081c00000, 0x0000000100000000)
  region size 1024K, 77 young (78848K), 5 survivors (5120K)
 Metaspace       used 120671K, committed 121280K, reserved 1155072K
  class space    used 14573K, committed 14912K, reserved 1048576K
}
Event: 36.876 GC heap after
{Heap after GC invocations=48 (full 0):
 garbage-first heap   total 221184K, used 113678K [0x0000000081c00000, 0x0000000100000000)
  region size 1024K, 9 young (9216K), 9 survivors (9216K)
 Metaspace       used 120671K, committed 121280K, reserved 1155072K
  class space    used 14573K, committed 14912K, reserved 1048576K
}
Event: 99.964 GC heap before
{Heap before GC invocations=48 (full 0):
 garbage-first heap   total 221184K, used 184334K [0x0000000081c00000, 0x0000000100000000)
  region size 1024K, 79 young (80896K), 9 survivors (9216K)
 Metaspace       used 125578K, committed 126272K, reserved 1163264K
  class space    used 15128K, committed 15488K, reserved 1048576K
}
Event: 99.981 GC heap after
{Heap after GC invocations=49 (full 0):
 garbage-first heap   total 221184K, used 117460K [0x0000000081c00000, 0x0000000100000000)
  region size 1024K, 8 young (8192K), 8 survivors (8192K)
 Metaspace       used 125578K, committed 126272K, reserved 1163264K
  class space    used 15128K, committed 15488K, reserved 1048576K
}
Event: 105.920 GC heap before
{Heap before GC invocations=49 (full 0):
 garbage-first heap   total 221184K, used 184020K [0x0000000081c00000, 0x0000000100000000)
  region size 1024K, 74 young (75776K), 8 survivors (8192K)
 Metaspace       used 129388K, committed 130112K, reserved 1163264K
  class space    used 15546K, committed 15936K, reserved 1048576K
}
Event: 105.936 GC heap after
{Heap after GC invocations=50 (full 0):
 garbage-first heap   total 221184K, used 120766K [0x0000000081c00000, 0x0000000100000000)
  region size 1024K, 8 young (8192K), 8 survivors (8192K)
 Metaspace       used 129388K, committed 130112K, reserved 1163264K
  class space    used 15546K, committed 15936K, reserved 1048576K
}

