# JRE version: OpenJDK Runtime Environment Temurin-17.0.2+8 (17.0.2+8) (build 17.0.2+8)
# Java VM: OpenJDK 64-Bit Server VM Temurin-17.0.2+8 (17.0.2+8, mixed mode, tiered, compressed oops, compressed class ptrs, g1 gc, windows-amd64)
GC Precious Log:
 CPUs: 4 total, 4 available
 Memory: 8072M
 Large Page Support: Disabled
 NUMA Support: Disabled
 Compressed Oops: Enabled (32-bit)
 Heap Region Size: 1M
 Heap Min Capacity: 8M
 Heap Initial Capacity: 128M
 Heap Max Capacity: 2020M
 Pre-touch: Disabled
 Parallel Workers: 4
 Concurrent Workers: 1
 Concurrent Refinement Workers: 4
 Periodic GC: Disabled
Heap:
 garbage-first heap   total 206848K, used 139834K [0x0000000081c00000, 0x0000000100000000)
  region size 1024K, 37 young (37888K), 8 survivors (8192K)
 Metaspace       used 122596K, committed 123392K, reserved 1163264K
  class space    used 14513K, committed 14912K, reserved 1048576K
GC Heap History (20 events):
Event: 29.014 GC heap before
{Heap before GC invocations=41 (full 0):
 garbage-first heap   total 172032K, used 88053K [0x0000000081c00000, 0x0000000100000000)
  region size 1024K, 8 young (8192K), 7 survivors (7168K)
 Metaspace       used 101170K, committed 101696K, reserved 1138688K
  class space    used 11957K, committed 12224K, reserved 1048576K
}
Event: 29.021 GC heap after
{Heap after GC invocations=42 (full 0):
 garbage-first heap   total 206848K, used 87661K [0x0000000081c00000, 0x0000000100000000)
  region size 1024K, 1 young (1024K), 1 survivors (1024K)
 Metaspace       used 101170K, committed 101696K, reserved 1138688K
  class space    used 11957K, committed 12224K, reserved 1048576K
}
Event: 30.278 GC heap before
{Heap before GC invocations=42 (full 0):
 garbage-first heap   total 206848K, used 169581K [0x0000000081c00000, 0x0000000100000000)
  region size 1024K, 81 young (82944K), 1 survivors (1024K)
 Metaspace       used 105179K, committed 105792K, reserved 1146880K
  class space    used 12530K, committed 12864K, reserved 1048576K
}
Event: 30.290 GC heap after
{Heap after GC invocations=43 (full 0):
 garbage-first heap   total 206848K, used 92015K [0x0000000081c00000, 0x0000000100000000)
  region size 1024K, 6 young (6144K), 6 survivors (6144K)
 Metaspace       used 105179K, committed 105792K, reserved 1146880K
  class space    used 12530K, committed 12864K, reserved 1048576K
}
Event: 31.527 GC heap before
{Heap before GC invocations=43 (full 0):
 garbage-first heap   total 206848K, used 169839K [0x0000000081c00000, 0x0000000100000000)
  region size 1024K, 82 young (83968K), 6 survivors (6144K)
 Metaspace       used 108244K, committed 108928K, reserved 1146880K
  class space    used 12836K, committed 13184K, reserved 1048576K
}
Event: 31.544 GC heap after
{Heap after GC invocations=44 (full 0):
 garbage-first heap   total 206848K, used 97519K [0x0000000081c00000, 0x0000000100000000)
  region size 1024K, 11 young (11264K), 11 survivors (11264K)
 Metaspace       used 108244K, committed 108928K, reserved 1146880K
  class space    used 12836K, committed 13184K, reserved 1048576K
}
Event: 32.636 GC heap before
{Heap before GC invocations=44 (full 0):
 garbage-first heap   total 206848K, used 170223K [0x0000000081c00000, 0x0000000100000000)
  region size 1024K, 82 young (83968K), 11 survivors (11264K)
 Metaspace       used 111198K, committed 111872K, reserved 1155072K
  class space    used 13298K, committed 13632K, reserved 1048576K
}
Event: 32.650 GC heap after
{Heap after GC invocations=45 (full 0):
 garbage-first heap   total 206848K, used 101098K [0x0000000081c00000, 0x0000000100000000)
  region size 1024K, 4 young (4096K), 4 survivors (4096K)
 Metaspace       used 111198K, committed 111872K, reserved 1155072K
  class space    used 13298K, committed 13632K, reserved 1048576K
}
Event: 33.597 GC heap before
{Heap before GC invocations=45 (full 0):
 garbage-first heap   total 206848K, used 171754K [0x0000000081c00000, 0x0000000100000000)
  region size 1024K, 73 young (74752K), 4 survivors (4096K)
 Metaspace       used 113577K, committed 114176K, reserved 1155072K
  class space    used 13554K, committed 13888K, reserved 1048576K
}
Event: 33.605 GC heap after
{Heap after GC invocations=46 (full 0):
 garbage-first heap   total 206848K, used 103169K [0x0000000081c00000, 0x0000000100000000)
  region size 1024K, 6 young (6144K), 6 survivors (6144K)
 Metaspace       used 113577K, committed 114176K, reserved 1155072K
  class space    used 13554K, committed 13888K, reserved 1048576K
}
Event: 34.517 GC heap before
{Heap before GC invocations=46 (full 0):
 garbage-first heap   total 206848K, used 172801K [0x0000000081c00000, 0x0000000100000000)
  region size 1024K, 74 young (75776K), 6 survivors (6144K)
 Metaspace       used 115028K, committed 115712K, reserved 1155072K
  class space    used 13704K, committed 14080K, reserved 1048576K
}
Event: 34.529 GC heap after
{Heap after GC invocations=47 (full 0):
 garbage-first heap   total 206848K, used 104303K [0x0000000081c00000, 0x0000000100000000)
  region size 1024K, 4 young (4096K), 4 survivors (4096K)
 Metaspace       used 115028K, committed 115712K, reserved 1155072K
  class space    used 13704K, committed 14080K, reserved 1048576K
}
Event: 35.123 GC heap before
{Heap before GC invocations=47 (full 0):
 garbage-first heap   total 206848K, used 174959K [0x0000000081c00000, 0x0000000100000000)
  region size 1024K, 73 young (74752K), 4 survivors (4096K)
 Metaspace       used 115144K, committed 115840K, reserved 1155072K
  class space    used 13706K, committed 14080K, reserved 1048576K
}
Event: 35.130 GC heap after
{Heap after GC invocations=48 (full 0):
 garbage-first heap   total 206848K, used 104913K [0x0000000081c00000, 0x0000000100000000)
  region size 1024K, 5 young (5120K), 5 survivors (5120K)
 Metaspace       used 115144K, committed 115840K, reserved 1155072K
  class space    used 13706K, committed 14080K, reserved 1048576K
}
Event: 35.739 GC heap before
{Heap before GC invocations=48 (full 0):
 garbage-first heap   total 206848K, used 176593K [0x0000000081c00000, 0x0000000100000000)
  region size 1024K, 75 young (76800K), 5 survivors (5120K)
 Metaspace       used 115245K, committed 115904K, reserved 1155072K
  class space    used 13707K, committed 14080K, reserved 1048576K
}
Event: 35.750 GC heap after
{Heap after GC invocations=49 (full 0):
 garbage-first heap   total 206848K, used 105146K [0x0000000081c00000, 0x0000000100000000)
  region size 1024K, 5 young (5120K), 5 survivors (5120K)
 Metaspace       used 115245K, committed 115904K, reserved 1155072K
  class space    used 13707K, committed 14080K, reserved 1048576K
}
Event: 118.053 GC heap before
{Heap before GC invocations=49 (full 0):
 garbage-first heap   total 206848K, used 176826K [0x0000000081c00000, 0x0000000100000000)
  region size 1024K, 76 young (77824K), 5 survivors (5120K)
 Metaspace       used 117805K, committed 118464K, reserved 1155072K
  class space    used 13959K, committed 14272K, reserved 1048576K
}
Event: 118.061 GC heap after
{Heap after GC invocations=50 (full 0):
 garbage-first heap   total 206848K, used 108280K [0x0000000081c00000, 0x0000000100000000)
  region size 1024K, 8 young (8192K), 8 survivors (8192K)
 Metaspace       used 117805K, committed 118464K, reserved 1155072K
  class space    used 13959K, committed 14272K, reserved 1048576K
}
Event: 208.234 GC heap before
{Heap before GC invocations=50 (full 0):
 garbage-first heap   total 206848K, used 175864K [0x0000000081c00000, 0x0000000100000000)
  region size 1024K, 75 young (76800K), 8 survivors (8192K)
 Metaspace       used 122018K, committed 122816K, reserved 1163264K
  class space    used 14446K, committed 14848K, reserved 1048576K
}
Event: 208.246 GC heap after
{Heap after GC invocations=51 (full 0):
 garbage-first heap   total 206848K, used 111162K [0x0000000081c00000, 0x0000000100000000)
  region size 1024K, 8 young (8192K), 8 survivors (8192K)
 Metaspace       used 122018K, committed 122816K, reserved 1163264K
  class space    used 14446K, committed 14848K, reserved 1048576K
}

